<?xml version="1.0" encoding="UTF-8"?>
<testsuite name="controllers.APITest" tests="4" skipped="0" failures="0" errors="0" timestamp="2022-04-29T21:03:39" hostname="LAPTOP-4TO98SC3" time="0.075">
  <properties/>
  <testcase name="adding a Note to a populated list adds to ArrayList()" classname="controllers.APITest" time="0.048"/>
  <testcase name="listAllNotes returns No Notes Stored message when ArrayList is empty()" classname="controllers.APITest" time="0.015"/>
  <testcase name="listAllNotes returns Notes when ArrayList has notes stored()" classname="controllers.APITest" time="0.004"/>
  <testcase name="adding a Note to an empty list adds to ArrayList()" classname="controllers.APITest" time="0.003"/>
  <system-out><![CDATA[]]></system-out>
  <system-err><![CDATA[]]></system-err>
</testsuite>
